<?xml version="1.0" encoding="UTF-8"?>
<!-- Generated by org.testng.reporters.JUnitReportReporter -->
<testsuite hostname="LPwO90mNmS" failures="0" tests="1" name="TC002_Get_Request" time="1.790" errors="0" timestamp="06 Dec 2021 21:07:55 GMT" skipped="0">
  <testcase classname="TC002_Get_Request" name="googleMapTest" time="1.790"/>
</testsuite> <!-- TC002_Get_Request -->
