<?xml version="1.0" encoding="UTF-8"?>
<!-- Generated by org.testng.reporters.JUnitReportReporter -->
<testsuite hostname="LPwO90mNmS" failures="0" tests="3" name="dataDrivenTesting.DataDrivenTest_AddNewEmployees" time="3.225" errors="0" timestamp="16 Dec 2021 21:57:37 GMT" skipped="0">
  <testcase classname="dataDrivenTesting.DataDrivenTest_AddNewEmployees" name="postAddNewEmployees" time="0.543"/>
  <testcase classname="dataDrivenTesting.DataDrivenTest_AddNewEmployees" name="postAddNewEmployees" time="2.082"/>
  <testcase classname="dataDrivenTesting.DataDrivenTest_AddNewEmployees" name="postAddNewEmployees" time="0.600"/>
</testsuite> <!-- dataDrivenTesting.DataDrivenTest_AddNewEmployees -->
