<?xml version="1.0" encoding="UTF-8"?>
<!-- Generated by org.testng.reporters.JUnitReportReporter -->
<testsuite hostname="LPwO90mNmS" failures="0" tests="1" name="getDemo" time="1.562" errors="0" timestamp="08 Dec 2021 20:49:19 GMT" skipped="0">
  <testcase classname="getDemo" name="validateResponse" time="1.562"/>
</testsuite> <!-- getDemo -->
