<?xml version="1.0" encoding="UTF-8"?>
<!-- Generated by org.testng.reporters.JUnitReportReporter -->
<testsuite hostname="LPwO90mNmS" failures="0" tests="1" name="TC001_Demo1_Get_City" time="2.512" errors="0" timestamp="09 Dec 2021 21:16:22 GMT" skipped="0">
  <testcase classname="TC001_Demo1_Get_City" name="TestMoscow" time="2.512"/>
</testsuite> <!-- TC001_Demo1_Get_City -->
