<?xml version="1.0" encoding="UTF-8"?>
<!-- Generated by org.testng.reporters.JUnitReportReporter -->
<testsuite hostname="LPwO90mNmS" failures="0" tests="1" name="TC001_Demo1_Get_City" time="1.770" errors="0" timestamp="01 Dec 2021 23:33:11 GMT" skipped="0">
  <testcase classname="TC001_Demo1_Get_City" name="getCityNegative" time="1.770"/>
</testsuite> <!-- TC001_Demo1_Get_City -->
